{"contracts\\PrivacyEvidenceManager.sol":{"l":{"44":81,"45":77,"49":89,"50":87,"54":9,"55":7,"59":27,"60":27,"61":27,"65":58,"66":57,"70":15,"71":14,"75":2,"76":1,"80":2,"81":1,"88":51,"90":50,"91":50,"92":50,"93":50,"94":50,"95":50,"97":50,"98":50,"109":25,"110":25,"111":23,"112":21,"113":20,"115":19,"117":19,"118":19,"119":19,"120":19,"121":19,"122":19,"123":19,"124":19,"127":19,"128":19,"130":19,"131":19,"135":7,"136":6,"137":6,"139":5,"140":5,"144":5,"145":5,"147":4,"148":4,"152":18,"153":18,"155":18,"156":18,"160":1,"161":1,"163":1,"167":10,"168":9,"169":7,"171":6,"175":2,"176":2,"177":2,"179":1,"190":3,"191":3,"192":3,"194":3,"210":1,"211":1,"212":1,"214":1,"230":9,"231":9,"233":7,"247":0,"248":0,"249":0,"251":0,"258":8,"262":6,"266":6,"270":3},"path":"D:\\zamadapp\\dapp156\\contracts\\PrivacyEvidenceManager.sol","s":{"1":81,"2":89,"3":9,"4":58,"5":15,"6":2,"7":2,"8":51,"9":50,"10":50,"11":25,"12":25,"13":23,"14":21,"15":20,"16":19,"17":19,"18":7,"19":6,"20":6,"21":5,"22":5,"23":5,"24":18,"25":18,"26":18,"27":1,"28":1,"29":10,"30":9,"31":7,"32":2,"33":2,"34":2,"35":3,"36":3,"37":3,"38":3,"39":1,"40":1,"41":1,"42":1,"43":9,"44":9,"45":7,"46":0,"47":0,"48":0,"49":0,"50":8,"51":6,"52":6,"53":3},"b":{"1":[77,4],"2":[87,2],"3":[7,2],"4":[58,2],"5":[57,1],"6":[15,2],"7":[14,1],"8":[2,0],"9":[1,1],"10":[2,0],"11":[1,1],"12":[51,2],"13":[50,1],"14":[25,0],"15":[23,2],"16":[21,2],"17":[20,1],"18":[20,1],"19":[19,1],"20":[7,2],"21":[6,1],"22":[6,0],"23":[4,2],"24":[5,1],"25":[5,0],"26":[5,0],"27":[4,1],"28":[18,0],"29":[18,0],"30":[18,0],"31":[1,0],"32":[1,0],"33":[1,0],"34":[10,0],"35":[9,1],"36":[7,2],"37":[6,1],"38":[2,0],"39":[2,0],"40":[2,0],"41":[1,1],"42":[3,0],"43":[3,0],"44":[3,0],"45":[1,0],"46":[1,0],"47":[1,0],"48":[9,0],"49":[7,2],"50":[7,0],"51":[0,0],"52":[0,0],"53":[0,0],"54":[2,0]},"f":{"1":81,"2":89,"3":9,"4":27,"5":58,"6":15,"7":2,"8":2,"9":51,"10":25,"11":7,"12":5,"13":18,"14":1,"15":10,"16":2,"17":3,"18":1,"19":9,"20":0,"21":8,"22":6,"23":6,"24":3},"fnMap":{"1":{"name":"onlyOwner","line":43,"loc":{"start":{"line":43,"column":4},"end":{"line":46,"column":4}}},"2":{"name":"onlyJudge","line":48,"loc":{"start":{"line":48,"column":4},"end":{"line":51,"column":4}}},"3":{"name":"onlyReviewer","line":53,"loc":{"start":{"line":53,"column":4},"end":{"line":56,"column":4}}},"4":{"name":"constructor","line":58,"loc":{"start":{"line":58,"column":4},"end":{"line":62,"column":4}}},"5":{"name":"authorizeJudge","line":64,"loc":{"start":{"line":64,"column":4},"end":{"line":67,"column":4}}},"6":{"name":"authorizeReviewer","line":69,"loc":{"start":{"line":69,"column":4},"end":{"line":72,"column":4}}},"7":{"name":"revokeJudge","line":74,"loc":{"start":{"line":74,"column":4},"end":{"line":77,"column":4}}},"8":{"name":"revokeReviewer","line":79,"loc":{"start":{"line":79,"column":4},"end":{"line":82,"column":4}}},"9":{"name":"createCase","line":87,"loc":{"start":{"line":84,"column":4},"end":{"line":99,"column":4}}},"10":{"name":"submitEvidence","line":101,"loc":{"start":{"line":101,"column":4},"end":{"line":132,"column":4}}},"11":{"name":"reviewEvidence","line":134,"loc":{"start":{"line":134,"column":4},"end":{"line":141,"column":4}}},"12":{"name":"sealEvidence","line":143,"loc":{"start":{"line":143,"column":4},"end":{"line":149,"column":4}}},"13":{"name":"grantAccess","line":151,"loc":{"start":{"line":151,"column":4},"end":{"line":157,"column":4}}},"14":{"name":"revokeAccess","line":159,"loc":{"start":{"line":159,"column":4},"end":{"line":164,"column":4}}},"15":{"name":"closeCase","line":166,"loc":{"start":{"line":166,"column":4},"end":{"line":172,"column":4}}},"16":{"name":"reopenCase","line":174,"loc":{"start":{"line":174,"column":4},"end":{"line":180,"column":4}}},"17":{"name":"getEvidenceBasicInfo","line":182,"loc":{"start":{"line":182,"column":4},"end":{"line":202,"column":4}}},"18":{"name":"getEvidenceDetails","line":204,"loc":{"start":{"line":204,"column":4},"end":{"line":220,"column":4}}},"19":{"name":"getCaseBasicInfo","line":222,"loc":{"start":{"line":222,"column":4},"end":{"line":241,"column":4}}},"20":{"name":"getEncryptedEvidenceData","line":243,"loc":{"start":{"line":243,"column":4},"end":{"line":255,"column":4}}},"21":{"name":"getTotalStats","line":257,"loc":{"start":{"line":257,"column":4},"end":{"line":259,"column":4}}},"22":{"name":"isJudge","line":261,"loc":{"start":{"line":261,"column":4},"end":{"line":263,"column":4}}},"23":{"name":"isReviewer","line":265,"loc":{"start":{"line":265,"column":4},"end":{"line":267,"column":4}}},"24":{"name":"hasAccessToCase","line":269,"loc":{"start":{"line":269,"column":4},"end":{"line":271,"column":4}}}},"statementMap":{"1":{"start":{"line":44,"column":8},"end":{"line":44,"column":53}},"2":{"start":{"line":49,"column":8},"end":{"line":49,"column":68}},"3":{"start":{"line":54,"column":8},"end":{"line":54,"column":74}},"4":{"start":{"line":65,"column":8},"end":{"line":65,"column":55}},"5":{"start":{"line":70,"column":8},"end":{"line":70,"column":58}},"6":{"start":{"line":75,"column":8},"end":{"line":75,"column":54}},"7":{"start":{"line":80,"column":8},"end":{"line":80,"column":57}},"8":{"start":{"line":88,"column":8},"end":{"line":88,"column":65}},"9":{"start":{"line":97,"column":8},"end":{"line":97,"column":55}},"10":{"start":{"line":98,"column":8},"end":{"line":98,"column":24}},"11":{"start":{"line":109,"column":8},"end":{"line":109,"column":67}},"12":{"start":{"line":110,"column":8},"end":{"line":110,"column":51}},"13":{"start":{"line":111,"column":8},"end":{"line":111,"column":91}},"14":{"start":{"line":112,"column":8},"end":{"line":112,"column":55}},"15":{"start":{"line":113,"column":8},"end":{"line":113,"column":41}},"16":{"start":{"line":130,"column":8},"end":{"line":130,"column":81}},"17":{"start":{"line":131,"column":8},"end":{"line":131,"column":28}},"18":{"start":{"line":135,"column":8},"end":{"line":135,"column":83}},"19":{"start":{"line":136,"column":8},"end":{"line":136,"column":106}},"20":{"start":{"line":137,"column":8},"end":{"line":137,"column":90}},"21":{"start":{"line":140,"column":8},"end":{"line":140,"column":63}},"22":{"start":{"line":144,"column":8},"end":{"line":144,"column":83}},"23":{"start":{"line":145,"column":8},"end":{"line":145,"column":62}},"24":{"start":{"line":152,"column":8},"end":{"line":152,"column":67}},"25":{"start":{"line":153,"column":8},"end":{"line":153,"column":54}},"26":{"start":{"line":156,"column":8},"end":{"line":156,"column":42}},"27":{"start":{"line":160,"column":8},"end":{"line":160,"column":67}},"28":{"start":{"line":161,"column":8},"end":{"line":161,"column":53}},"29":{"start":{"line":167,"column":8},"end":{"line":167,"column":67}},"30":{"start":{"line":168,"column":8},"end":{"line":168,"column":66}},"31":{"start":{"line":169,"column":8},"end":{"line":169,"column":54}},"32":{"start":{"line":175,"column":8},"end":{"line":175,"column":67}},"33":{"start":{"line":176,"column":8},"end":{"line":176,"column":66}},"34":{"start":{"line":177,"column":8},"end":{"line":177,"column":54}},"35":{"start":{"line":190,"column":8},"end":{"line":190,"column":83}},"36":{"start":{"line":191,"column":8},"end":{"line":191,"column":53}},"37":{"start":{"line":192,"column":8},"end":{"line":192,"column":91}},"38":{"start":{"line":194,"column":8},"end":{"line":194,"column":7911}},"39":{"start":{"line":210,"column":8},"end":{"line":210,"column":83}},"40":{"start":{"line":211,"column":8},"end":{"line":211,"column":53}},"41":{"start":{"line":212,"column":8},"end":{"line":212,"column":91}},"42":{"start":{"line":214,"column":8},"end":{"line":214,"column":8618}},"43":{"start":{"line":230,"column":8},"end":{"line":230,"column":67}},"44":{"start":{"line":231,"column":8},"end":{"line":231,"column":91}},"45":{"start":{"line":233,"column":8},"end":{"line":233,"column":9254}},"46":{"start":{"line":247,"column":8},"end":{"line":247,"column":83}},"47":{"start":{"line":248,"column":8},"end":{"line":248,"column":53}},"48":{"start":{"line":249,"column":8},"end":{"line":249,"column":91}},"49":{"start":{"line":251,"column":8},"end":{"line":251,"column":9892}},"50":{"start":{"line":258,"column":8},"end":{"line":258,"column":55}},"51":{"start":{"line":262,"column":8},"end":{"line":262,"column":41}},"52":{"start":{"line":266,"column":8},"end":{"line":266,"column":44}},"53":{"start":{"line":270,"column":8},"end":{"line":270,"column":67}}},"branchMap":{"1":{"line":44,"type":"if","locations":[{"start":{"line":44,"column":8},"end":{"line":44,"column":8}},{"start":{"line":44,"column":8},"end":{"line":44,"column":8}}]},"2":{"line":49,"type":"if","locations":[{"start":{"line":49,"column":8},"end":{"line":49,"column":8}},{"start":{"line":49,"column":8},"end":{"line":49,"column":8}}]},"3":{"line":54,"type":"if","locations":[{"start":{"line":54,"column":8},"end":{"line":54,"column":8}},{"start":{"line":54,"column":8},"end":{"line":54,"column":8}}]},"4":{"line":64,"type":"if","locations":[{"start":{"line":64,"column":53},"end":{"line":64,"column":53}},{"start":{"line":64,"column":53},"end":{"line":64,"column":53}}]},"5":{"line":65,"type":"if","locations":[{"start":{"line":65,"column":8},"end":{"line":65,"column":8}},{"start":{"line":65,"column":8},"end":{"line":65,"column":8}}]},"6":{"line":69,"type":"if","locations":[{"start":{"line":69,"column":59},"end":{"line":69,"column":59}},{"start":{"line":69,"column":59},"end":{"line":69,"column":59}}]},"7":{"line":70,"type":"if","locations":[{"start":{"line":70,"column":8},"end":{"line":70,"column":8}},{"start":{"line":70,"column":8},"end":{"line":70,"column":8}}]},"8":{"line":74,"type":"if","locations":[{"start":{"line":74,"column":50},"end":{"line":74,"column":50}},{"start":{"line":74,"column":50},"end":{"line":74,"column":50}}]},"9":{"line":75,"type":"if","locations":[{"start":{"line":75,"column":8},"end":{"line":75,"column":8}},{"start":{"line":75,"column":8},"end":{"line":75,"column":8}}]},"10":{"line":79,"type":"if","locations":[{"start":{"line":79,"column":56},"end":{"line":79,"column":56}},{"start":{"line":79,"column":56},"end":{"line":79,"column":56}}]},"11":{"line":80,"type":"if","locations":[{"start":{"line":80,"column":8},"end":{"line":80,"column":8}},{"start":{"line":80,"column":8},"end":{"line":80,"column":8}}]},"12":{"line":87,"type":"if","locations":[{"start":{"line":87,"column":15},"end":{"line":87,"column":15}},{"start":{"line":87,"column":15},"end":{"line":87,"column":15}}]},"13":{"line":88,"type":"if","locations":[{"start":{"line":88,"column":8},"end":{"line":88,"column":8}},{"start":{"line":88,"column":8},"end":{"line":88,"column":8}}]},"14":{"line":109,"type":"if","locations":[{"start":{"line":109,"column":8},"end":{"line":109,"column":8}},{"start":{"line":109,"column":8},"end":{"line":109,"column":8}}]},"15":{"line":110,"type":"if","locations":[{"start":{"line":110,"column":8},"end":{"line":110,"column":8}},{"start":{"line":110,"column":8},"end":{"line":110,"column":8}}]},"16":{"line":111,"type":"if","locations":[{"start":{"line":111,"column":8},"end":{"line":111,"column":8}},{"start":{"line":111,"column":8},"end":{"line":111,"column":8}}]},"17":{"line":111,"type":"cond-expr","locations":[{"start":{"line":111,"column":16},"end":{"line":111,"column":45}},{"start":{"line":111,"column":50},"end":{"line":111,"column":77}}]},"18":{"line":112,"type":"if","locations":[{"start":{"line":112,"column":8},"end":{"line":112,"column":8}},{"start":{"line":112,"column":8},"end":{"line":112,"column":8}}]},"19":{"line":113,"type":"if","locations":[{"start":{"line":113,"column":8},"end":{"line":113,"column":8}},{"start":{"line":113,"column":8},"end":{"line":113,"column":8}}]},"20":{"line":134,"type":"if","locations":[{"start":{"line":134,"column":82},"end":{"line":134,"column":82}},{"start":{"line":134,"column":82},"end":{"line":134,"column":82}}]},"21":{"line":135,"type":"if","locations":[{"start":{"line":135,"column":8},"end":{"line":135,"column":8}},{"start":{"line":135,"column":8},"end":{"line":135,"column":8}}]},"22":{"line":136,"type":"if","locations":[{"start":{"line":136,"column":8},"end":{"line":136,"column":8}},{"start":{"line":136,"column":8},"end":{"line":136,"column":8}}]},"23":{"line":136,"type":"cond-expr","locations":[{"start":{"line":136,"column":16},"end":{"line":136,"column":49}},{"start":{"line":136,"column":54},"end":{"line":136,"column":87}}]},"24":{"line":137,"type":"if","locations":[{"start":{"line":137,"column":8},"end":{"line":137,"column":8}},{"start":{"line":137,"column":8},"end":{"line":137,"column":8}}]},"25":{"line":143,"type":"if","locations":[{"start":{"line":143,"column":56},"end":{"line":143,"column":56}},{"start":{"line":143,"column":56},"end":{"line":143,"column":56}}]},"26":{"line":144,"type":"if","locations":[{"start":{"line":144,"column":8},"end":{"line":144,"column":8}},{"start":{"line":144,"column":8},"end":{"line":144,"column":8}}]},"27":{"line":145,"type":"if","locations":[{"start":{"line":145,"column":8},"end":{"line":145,"column":8}},{"start":{"line":145,"column":8},"end":{"line":145,"column":8}}]},"28":{"line":151,"type":"if","locations":[{"start":{"line":151,"column":66},"end":{"line":151,"column":66}},{"start":{"line":151,"column":66},"end":{"line":151,"column":66}}]},"29":{"line":152,"type":"if","locations":[{"start":{"line":152,"column":8},"end":{"line":152,"column":8}},{"start":{"line":152,"column":8},"end":{"line":152,"column":8}}]},"30":{"line":153,"type":"if","locations":[{"start":{"line":153,"column":8},"end":{"line":153,"column":8}},{"start":{"line":153,"column":8},"end":{"line":153,"column":8}}]},"31":{"line":159,"type":"if","locations":[{"start":{"line":159,"column":67},"end":{"line":159,"column":67}},{"start":{"line":159,"column":67},"end":{"line":159,"column":67}}]},"32":{"line":160,"type":"if","locations":[{"start":{"line":160,"column":8},"end":{"line":160,"column":8}},{"start":{"line":160,"column":8},"end":{"line":160,"column":8}}]},"33":{"line":161,"type":"if","locations":[{"start":{"line":161,"column":8},"end":{"line":161,"column":8}},{"start":{"line":161,"column":8},"end":{"line":161,"column":8}}]},"34":{"line":166,"type":"if","locations":[{"start":{"line":166,"column":49},"end":{"line":166,"column":49}},{"start":{"line":166,"column":49},"end":{"line":166,"column":49}}]},"35":{"line":167,"type":"if","locations":[{"start":{"line":167,"column":8},"end":{"line":167,"column":8}},{"start":{"line":167,"column":8},"end":{"line":167,"column":8}}]},"36":{"line":168,"type":"if","locations":[{"start":{"line":168,"column":8},"end":{"line":168,"column":8}},{"start":{"line":168,"column":8},"end":{"line":168,"column":8}}]},"37":{"line":169,"type":"if","locations":[{"start":{"line":169,"column":8},"end":{"line":169,"column":8}},{"start":{"line":169,"column":8},"end":{"line":169,"column":8}}]},"38":{"line":174,"type":"if","locations":[{"start":{"line":174,"column":50},"end":{"line":174,"column":50}},{"start":{"line":174,"column":50},"end":{"line":174,"column":50}}]},"39":{"line":175,"type":"if","locations":[{"start":{"line":175,"column":8},"end":{"line":175,"column":8}},{"start":{"line":175,"column":8},"end":{"line":175,"column":8}}]},"40":{"line":176,"type":"if","locations":[{"start":{"line":176,"column":8},"end":{"line":176,"column":8}},{"start":{"line":176,"column":8},"end":{"line":176,"column":8}}]},"41":{"line":177,"type":"if","locations":[{"start":{"line":177,"column":8},"end":{"line":177,"column":8}},{"start":{"line":177,"column":8},"end":{"line":177,"column":8}}]},"42":{"line":190,"type":"if","locations":[{"start":{"line":190,"column":8},"end":{"line":190,"column":8}},{"start":{"line":190,"column":8},"end":{"line":190,"column":8}}]},"43":{"line":192,"type":"if","locations":[{"start":{"line":192,"column":8},"end":{"line":192,"column":8}},{"start":{"line":192,"column":8},"end":{"line":192,"column":8}}]},"44":{"line":192,"type":"cond-expr","locations":[{"start":{"line":192,"column":16},"end":{"line":192,"column":45}},{"start":{"line":192,"column":50},"end":{"line":192,"column":77}}]},"45":{"line":210,"type":"if","locations":[{"start":{"line":210,"column":8},"end":{"line":210,"column":8}},{"start":{"line":210,"column":8},"end":{"line":210,"column":8}}]},"46":{"line":212,"type":"if","locations":[{"start":{"line":212,"column":8},"end":{"line":212,"column":8}},{"start":{"line":212,"column":8},"end":{"line":212,"column":8}}]},"47":{"line":212,"type":"cond-expr","locations":[{"start":{"line":212,"column":16},"end":{"line":212,"column":45}},{"start":{"line":212,"column":50},"end":{"line":212,"column":77}}]},"48":{"line":230,"type":"if","locations":[{"start":{"line":230,"column":8},"end":{"line":230,"column":8}},{"start":{"line":230,"column":8},"end":{"line":230,"column":8}}]},"49":{"line":231,"type":"if","locations":[{"start":{"line":231,"column":8},"end":{"line":231,"column":8}},{"start":{"line":231,"column":8},"end":{"line":231,"column":8}}]},"50":{"line":231,"type":"cond-expr","locations":[{"start":{"line":231,"column":16},"end":{"line":231,"column":45}},{"start":{"line":231,"column":50},"end":{"line":231,"column":77}}]},"51":{"line":247,"type":"if","locations":[{"start":{"line":247,"column":8},"end":{"line":247,"column":8}},{"start":{"line":247,"column":8},"end":{"line":247,"column":8}}]},"52":{"line":249,"type":"if","locations":[{"start":{"line":249,"column":8},"end":{"line":249,"column":8}},{"start":{"line":249,"column":8},"end":{"line":249,"column":8}}]},"53":{"line":249,"type":"cond-expr","locations":[{"start":{"line":249,"column":16},"end":{"line":249,"column":45}},{"start":{"line":249,"column":50},"end":{"line":249,"column":77}}]},"54":{"line":270,"type":"cond-expr","locations":[{"start":{"line":270,"column":15},"end":{"line":270,"column":39}},{"start":{"line":270,"column":44},"end":{"line":270,"column":66}}]}}}}