TN:
SF:D:\zamadapp\dapp156\contracts\PrivacyEvidenceManager.sol
FN:43,onlyOwner
FN:48,onlyJudge
FN:53,onlyReviewer
FN:58,constructor
FN:64,authorizeJudge
FN:69,authorizeReviewer
FN:74,revokeJudge
FN:79,revokeReviewer
FN:87,createCase
FN:101,submitEvidence
FN:134,reviewEvidence
FN:143,sealEvidence
FN:151,grantAccess
FN:159,revokeAccess
FN:166,closeCase
FN:174,reopenCase
FN:182,getEvidenceBasicInfo
FN:204,getEvidenceDetails
FN:222,getCaseBasicInfo
FN:243,getEncryptedEvidenceData
FN:257,getTotalStats
FN:261,isJudge
FN:265,isReviewer
FN:269,hasAccessToCase
FNF:24
FNH:23
FNDA:81,onlyOwner
FNDA:89,onlyJudge
FNDA:9,onlyReviewer
FNDA:27,constructor
FNDA:58,authorizeJudge
FNDA:15,authorizeReviewer
FNDA:2,revokeJudge
FNDA:2,revokeReviewer
FNDA:51,createCase
FNDA:25,submitEvidence
FNDA:7,reviewEvidence
FNDA:5,sealEvidence
FNDA:18,grantAccess
FNDA:1,revokeAccess
FNDA:10,closeCase
FNDA:2,reopenCase
FNDA:3,getEvidenceBasicInfo
FNDA:1,getEvidenceDetails
FNDA:9,getCaseBasicInfo
FNDA:0,getEncryptedEvidenceData
FNDA:8,getTotalStats
FNDA:6,isJudge
FNDA:6,isReviewer
FNDA:3,hasAccessToCase
DA:44,81
DA:45,77
DA:49,89
DA:50,87
DA:54,9
DA:55,7
DA:59,27
DA:60,27
DA:61,27
DA:65,58
DA:66,57
DA:70,15
DA:71,14
DA:75,2
DA:76,1
DA:80,2
DA:81,1
DA:88,51
DA:90,50
DA:91,50
DA:92,50
DA:93,50
DA:94,50
DA:95,50
DA:97,50
DA:98,50
DA:109,25
DA:110,25
DA:111,23
DA:112,21
DA:113,20
DA:115,19
DA:117,19
DA:118,19
DA:119,19
DA:120,19
DA:121,19
DA:122,19
DA:123,19
DA:124,19
DA:127,19
DA:128,19
DA:130,19
DA:131,19
DA:135,7
DA:136,6
DA:137,6
DA:139,5
DA:140,5
DA:144,5
DA:145,5
DA:147,4
DA:148,4
DA:152,18
DA:153,18
DA:155,18
DA:156,18
DA:160,1
DA:161,1
DA:163,1
DA:167,10
DA:168,9
DA:169,7
DA:171,6
DA:175,2
DA:176,2
DA:177,2
DA:179,1
DA:190,3
DA:191,3
DA:192,3
DA:194,3
DA:210,1
DA:211,1
DA:212,1
DA:214,1
DA:230,9
DA:231,9
DA:233,7
DA:247,0
DA:248,0
DA:249,0
DA:251,0
DA:258,8
DA:262,6
DA:266,6
DA:270,3
LF:87
LH:83
BRDA:44,1,0,77
BRDA:44,1,1,4
BRDA:49,2,0,87
BRDA:49,2,1,2
BRDA:54,3,0,7
BRDA:54,3,1,2
BRDA:64,4,0,58
BRDA:64,4,1,2
BRDA:65,5,0,57
BRDA:65,5,1,1
BRDA:69,6,0,15
BRDA:69,6,1,2
BRDA:70,7,0,14
BRDA:70,7,1,1
BRDA:74,8,0,2
BRDA:74,8,1,0
BRDA:75,9,0,1
BRDA:75,9,1,1
BRDA:79,10,0,2
BRDA:79,10,1,0
BRDA:80,11,0,1
BRDA:80,11,1,1
BRDA:87,12,0,51
BRDA:87,12,1,2
BRDA:88,13,0,50
BRDA:88,13,1,1
BRDA:109,14,0,25
BRDA:109,14,1,0
BRDA:110,15,0,23
BRDA:110,15,1,2
BRDA:111,16,0,21
BRDA:111,16,1,2
BRDA:111,17,0,20
BRDA:111,17,1,1
BRDA:112,18,0,20
BRDA:112,18,1,1
BRDA:113,19,0,19
BRDA:113,19,1,1
BRDA:134,20,0,7
BRDA:134,20,1,2
BRDA:135,21,0,6
BRDA:135,21,1,1
BRDA:136,22,0,6
BRDA:136,22,1,0
BRDA:136,23,0,4
BRDA:136,23,1,2
BRDA:137,24,0,5
BRDA:137,24,1,1
BRDA:143,25,0,5
BRDA:143,25,1,0
BRDA:144,26,0,5
BRDA:144,26,1,0
BRDA:145,27,0,4
BRDA:145,27,1,1
BRDA:151,28,0,18
BRDA:151,28,1,0
BRDA:152,29,0,18
BRDA:152,29,1,0
BRDA:153,30,0,18
BRDA:153,30,1,0
BRDA:159,31,0,1
BRDA:159,31,1,0
BRDA:160,32,0,1
BRDA:160,32,1,0
BRDA:161,33,0,1
BRDA:161,33,1,0
BRDA:166,34,0,10
BRDA:166,34,1,0
BRDA:167,35,0,9
BRDA:167,35,1,1
BRDA:168,36,0,7
BRDA:168,36,1,2
BRDA:169,37,0,6
BRDA:169,37,1,1
BRDA:174,38,0,2
BRDA:174,38,1,0
BRDA:175,39,0,2
BRDA:175,39,1,0
BRDA:176,40,0,2
BRDA:176,40,1,0
BRDA:177,41,0,1
BRDA:177,41,1,1
BRDA:190,42,0,3
BRDA:190,42,1,0
BRDA:192,43,0,3
BRDA:192,43,1,0
BRDA:192,44,0,3
BRDA:192,44,1,0
BRDA:210,45,0,1
BRDA:210,45,1,0
BRDA:212,46,0,1
BRDA:212,46,1,0
BRDA:212,47,0,1
BRDA:212,47,1,0
BRDA:230,48,0,9
BRDA:230,48,1,0
BRDA:231,49,0,7
BRDA:231,49,1,2
BRDA:231,50,0,7
BRDA:231,50,1,0
BRDA:247,51,0,0
BRDA:247,51,1,0
BRDA:249,52,0,0
BRDA:249,52,1,0
BRDA:249,53,0,0
BRDA:249,53,1,0
BRDA:270,54,0,2
BRDA:270,54,1,0
BRF:108
BRH:77
end_of_record
